d:\tpv\practica4\tpv3\holasdl\debug\vc120.pdb
d:\tpv\practica4\tpv3\holasdl\debug\vc120.idb
d:\tpv\practica4\tpv3\holasdl\debug\factorypbb.obj
d:\tpv\practica4\tpv3\holasdl\debug\factorypg.obj
d:\tpv\practica4\tpv3\holasdl\debug\gameover.obj
d:\tpv\practica4\tpv3\holasdl\debug\globo.obj
d:\tpv\practica4\tpv3\holasdl\debug\globoa.obj
d:\tpv\practica4\tpv3\holasdl\debug\juegopg.obj
d:\tpv\practica4\tpv3\holasdl\debug\main.obj
d:\tpv\practica4\tpv3\holasdl\debug\mariposa.obj
d:\tpv\practica4\tpv3\holasdl\debug\menupg.obj
d:\tpv\practica4\tpv3\holasdl\debug\objetopg.obj
d:\tpv\practica4\tpv3\holasdl\debug\pausa.obj
d:\tpv\practica4\tpv3\holasdl\debug\pbbvmprog.obj
d:\tpv\practica4\tpv3\holasdl\debug\playpg.obj
d:\tpv\practica4\tpv3\holasdl\debug\premio.obj
d:\tpv\practica4\tpv3\holasdl\debug\sdlerror.obj
d:\tpv\practica4\tpv3\holasdl\debug\texturaserror.obj
d:\tpv\practica4\tpv3\holasdl\debug\texturassdl.obj
d:\tpv\practica4\tpv3\holasdl\debug\vago.obj
d:\tpv\practica4\tpv3\holasdl\debug\boton.obj
d:\tpv\practica4\tpv3\holasdl\debug\bouncingball.obj
d:\tpv\practica4\tpv3\holasdl\debug\config.obj
d:\tpv\practica4\tpv3\holasdl\debug\error.obj
d:\tpv\practica4\tpv3\holasdl\debug\estadopg.obj
d:\tpv\practica4\tpv3\holasdl\debug\factorybola.obj
d:\tpv\practica4\tpv3\holasdl\debug\holasdl.tlog\cl.command.1.tlog
d:\tpv\practica4\tpv3\holasdl\debug\holasdl.tlog\cl.read.1.tlog
d:\tpv\practica4\tpv3\holasdl\debug\holasdl.tlog\cl.write.1.tlog
