Build started 01/03/2017 17:08:03.
     1>Project "C:\hlocal\TPV3\HolaSDL\HolaSDL.vcxproj" on node 2 (Build target(s)).
     1>ClCompile:
         C:\software\programacion\MSVStudio2013\VC\bin\CL.exe /c /ZI /nologo /W3 /WX- /sdl /Od /Oy- /D _MBCS /Gm /EHsc /RTC1 /MDd /GS /fp:precise /Zc:wchar_t /Zc:forScope /Fo"Debug\\" /Fd"Debug\vc120.pdb" /Gd /TP /analyze- /errorReport:prompt Boton.cpp BouncingBall.cpp Config.cpp Error.cpp EstadoPG.cpp FactoryBola.cpp FactoryPG.cpp GameOver.cpp Globo.cpp GloboA.cpp JuegoPG.cpp main.cpp Mariposa.cpp MenuPG.cpp ObjetoPG.cpp Pausa.cpp PlayPG.cpp Premio.cpp SDLError.cpp texturasError.cpp texturasSDL.cpp Vago.cpp
         Vago.cpp
         texturasSDL.cpp
         texturasError.cpp
         SDLError.cpp
         Premio.cpp
         PlayPG.cpp
     1>c:\hlocal\tpv3\holasdl\playpg.cpp(82): warning C4018: '<' : signed/unsigned mismatch
     1>c:\hlocal\tpv3\holasdl\playpg.cpp(87): warning C4018: '<' : signed/unsigned mismatch
         Pausa.cpp
         ObjetoPG.cpp
         MenuPG.cpp
         Mariposa.cpp
         main.cpp
         JuegoPG.cpp
     1>c:\hlocal\tpv3\holasdl\juegopg.cpp(87): warning C4018: '<' : signed/unsigned mismatch
         GloboA.cpp
         Globo.cpp
         GameOver.cpp
         FactoryPG.cpp
         FactoryBola.cpp
         EstadoPG.cpp
     1>c:\hlocal\tpv3\holasdl\estadopg.cpp(16): warning C4018: '<' : signed/unsigned mismatch
     1>c:\hlocal\tpv3\holasdl\estadopg.cpp(38): warning C4018: '<' : signed/unsigned mismatch
         Error.cpp
         Config.cpp
         Generating Code...
         Compiling...
         BouncingBall.cpp
         Boton.cpp
         Generating Code...
       Link:
         C:\software\programacion\MSVStudio2013\VC\bin\link.exe /ERRORREPORT:PROMPT /OUT:"C:\hlocal\TPV3\bin\HolaSDLDebug.exe" /INCREMENTAL /NOLOGO SDL2.lib SDL2main.lib SDL2_image.lib kernel32.lib user32.lib gdi32.lib winspool.lib comdlg32.lib advapi32.lib shell32.lib ole32.lib oleaut32.lib uuid.lib odbc32.lib odbccp32.lib /MANIFEST /MANIFESTUAC:"level='asInvoker' uiAccess='false'" /manifest:embed /DEBUG /PDB:"C:\hlocal\TPV3\bin\HolaSDLDebug.pdb" /SUBSYSTEM:CONSOLE /TLBID:1 /DYNAMICBASE /NXCOMPAT /IMPLIB:"C:\hlocal\TPV3\bin\HolaSDLDebug.lib" /MACHINE:X86 Debug\Boton.obj
         Debug\BouncingBall.obj
         Debug\Config.obj
         Debug\Error.obj
         Debug\EstadoPG.obj
         Debug\FactoryBola.obj
         Debug\FactoryPG.obj
         Debug\GameOver.obj
         Debug\Globo.obj
         Debug\GloboA.obj
         Debug\JuegoPG.obj
         Debug\main.obj
         Debug\Mariposa.obj
         Debug\MenuPG.obj
         Debug\ObjetoPG.obj
         Debug\Pausa.obj
         Debug\PlayPG.obj
         Debug\Premio.obj
         Debug\SDLError.obj
         Debug\texturasError.obj
         Debug\texturasSDL.obj
         Debug\Vago.obj
         HolaSDL.vcxproj -> C:\hlocal\TPV3\bin\HolaSDLDebug.exe
     1>Done Building Project "C:\hlocal\TPV3\HolaSDL\HolaSDL.vcxproj" (Build target(s)).

Build succeeded.

Time Elapsed 00:00:09.31
